<?xml version="1.0" encoding="UTF-8"?>
<!-- Generated by org.testng.reporters.JUnitReportReporter -->
<testsuite hostname="LAPTOP-GAUPM6CM" failures="0" tests="1" name="Appium.FrameWork.E2E_eCommerce_TC" time="83.914" errors="0" timestamp="2024-09-29T10:36:59 IST" skipped="0">
  <testcase classname="Appium.FrameWork.E2E_eCommerce_TC" name="fillFormDetails" time="83.914"/>
</testsuite> <!-- Appium.FrameWork.E2E_eCommerce_TC -->
